Copyright 1986-2022 Xilinx, Inc. All Rights Reserved. Copyright 2022-2025 Advanced Micro Devices, Inc. All Rights Reserved.
-----------------------------------------------------------------------------------------------------------------------------------------------------------------------------------------
| Tool Version : Vivado v.2025.2 (lin64) Build 6299465 Fri Nov 14 12:34:56 MST 2025
| Date         : Fri May  1 01:57:07 2026
| Host         : cachyos-x8664 running 64-bit CachyOS
| Command      : report_methodology -file image_process_top_methodology_drc_routed.rpt -pb image_process_top_methodology_drc_routed.pb -rpx image_process_top_methodology_drc_routed.rpx
| Design       : image_process_top
| Device       : xc7z020clg400-1
| Speed File   : -1
| Design State : Fully Routed
-----------------------------------------------------------------------------------------------------------------------------------------------------------------------------------------

Report Methodology

Table of Contents
-----------------
1. REPORT SUMMARY
2. REPORT DETAILS

1. REPORT SUMMARY
-----------------
            Netlist: netlist
          Floorplan: design_1
      Design limits: <entire design considered>
             Max checks: <unlimited>
             Checks found: 22
+-----------+----------+-------------------------------+--------+
| Rule      | Severity | Description                   | Checks |
+-----------+----------+-------------------------------+--------+
| TIMING-18 | Warning  | Missing input or output delay | 22     |
+-----------+----------+-------------------------------+--------+

2. REPORT DETAILS
-----------------
TIMING-18#1 Warning
Missing input or output delay  
An input delay is missing on axi_rst_n relative to the rising and/or falling clock edge(s) of axi_clk.
Related violations: <none>

TIMING-18#2 Warning
Missing input or output delay  
An input delay is missing on i_data[0] relative to the rising and/or falling clock edge(s) of axi_clk.
Related violations: <none>

TIMING-18#3 Warning
Missing input or output delay  
An input delay is missing on i_data[1] relative to the rising and/or falling clock edge(s) of axi_clk.
Related violations: <none>

TIMING-18#4 Warning
Missing input or output delay  
An input delay is missing on i_data[2] relative to the rising and/or falling clock edge(s) of axi_clk.
Related violations: <none>

TIMING-18#5 Warning
Missing input or output delay  
An input delay is missing on i_data[3] relative to the rising and/or falling clock edge(s) of axi_clk.
Related violations: <none>

TIMING-18#6 Warning
Missing input or output delay  
An input delay is missing on i_data[4] relative to the rising and/or falling clock edge(s) of axi_clk.
Related violations: <none>

TIMING-18#7 Warning
Missing input or output delay  
An input delay is missing on i_data[5] relative to the rising and/or falling clock edge(s) of axi_clk.
Related violations: <none>

TIMING-18#8 Warning
Missing input or output delay  
An input delay is missing on i_data[6] relative to the rising and/or falling clock edge(s) of axi_clk.
Related violations: <none>

TIMING-18#9 Warning
Missing input or output delay  
An input delay is missing on i_data[7] relative to the rising and/or falling clock edge(s) of axi_clk.
Related violations: <none>

TIMING-18#10 Warning
Missing input or output delay  
An input delay is missing on i_data_ready relative to the rising and/or falling clock edge(s) of axi_clk.
Related violations: <none>

TIMING-18#11 Warning
Missing input or output delay  
An input delay is missing on i_data_valid relative to the rising and/or falling clock edge(s) of axi_clk.
Related violations: <none>

TIMING-18#12 Warning
Missing input or output delay  
An output delay is missing on o_data[0] relative to the rising and/or falling clock edge(s) of axi_clk.
Related violations: <none>

TIMING-18#13 Warning
Missing input or output delay  
An output delay is missing on o_data[1] relative to the rising and/or falling clock edge(s) of axi_clk.
Related violations: <none>

TIMING-18#14 Warning
Missing input or output delay  
An output delay is missing on o_data[2] relative to the rising and/or falling clock edge(s) of axi_clk.
Related violations: <none>

TIMING-18#15 Warning
Missing input or output delay  
An output delay is missing on o_data[3] relative to the rising and/or falling clock edge(s) of axi_clk.
Related violations: <none>

TIMING-18#16 Warning
Missing input or output delay  
An output delay is missing on o_data[4] relative to the rising and/or falling clock edge(s) of axi_clk.
Related violations: <none>

TIMING-18#17 Warning
Missing input or output delay  
An output delay is missing on o_data[5] relative to the rising and/or falling clock edge(s) of axi_clk.
Related violations: <none>

TIMING-18#18 Warning
Missing input or output delay  
An output delay is missing on o_data[6] relative to the rising and/or falling clock edge(s) of axi_clk.
Related violations: <none>

TIMING-18#19 Warning
Missing input or output delay  
An output delay is missing on o_data[7] relative to the rising and/or falling clock edge(s) of axi_clk.
Related violations: <none>

TIMING-18#20 Warning
Missing input or output delay  
An output delay is missing on o_data_ready relative to the rising and/or falling clock edge(s) of axi_clk.
Related violations: <none>

TIMING-18#21 Warning
Missing input or output delay  
An output delay is missing on o_data_valid relative to the rising and/or falling clock edge(s) of axi_clk.
Related violations: <none>

TIMING-18#22 Warning
Missing input or output delay  
An output delay is missing on o_intr relative to the rising and/or falling clock edge(s) of axi_clk.
Related violations: <none>


