Copyright 1986-2022 Xilinx, Inc. All Rights Reserved. Copyright 2022-2025 Advanced Micro Devices, Inc. All Rights Reserved.
---------------------------------------------------------------------------------------------------------------------------------------------
| Tool Version : Vivado v.2025.2 (lin64) Build 6299465 Fri Nov 14 12:34:56 MST 2025
| Date         : Fri May  1 01:56:57 2026
| Host         : cachyos-x8664 running 64-bit CachyOS
| Command      : report_control_sets -verbose -file image_process_top_control_sets_placed.rpt
| Design       : image_process_top
| Device       : xc7z020
---------------------------------------------------------------------------------------------------------------------------------------------

Control Set Information

Table of Contents
-----------------
1. Summary
2. Histogram
3. Flip-Flop Distribution
4. Detailed Control Set Information

1. Summary
----------

+----------------------------------------------------------+-------+
|                          Status                          | Count |
+----------------------------------------------------------+-------+
| Total control sets                                       |    14 |
|    Minimum number of control sets                        |    14 |
|    Addition due to synthesis replication                 |     0 |
|    Addition due to physical synthesis replication        |     0 |
| Unused register locations in slices containing registers |    42 |
+----------------------------------------------------------+-------+
* Control sets can be merged at opt_design using control_set_merge or merge_equivalent_drivers
** Run report_qor_suggestions for automated merging and remapping suggestions


2. Histogram
------------

+--------------------+-------+
|       Fanout       | Count |
+--------------------+-------+
| Total control sets |    14 |
| >= 0 to < 4        |     1 |
| >= 4 to < 6        |     0 |
| >= 6 to < 8        |     0 |
| >= 8 to < 10       |     5 |
| >= 10 to < 12      |     1 |
| >= 12 to < 14      |     1 |
| >= 14 to < 16      |     0 |
| >= 16              |     6 |
+--------------------+-------+
* Control sets can be remapped at either synth_design or opt_design


3. Flip-Flop Distribution
-------------------------

+--------------+-----------------------+------------------------+-----------------+--------------+
| Clock Enable | Synchronous Set/Reset | Asynchronous Set/Reset | Total Registers | Total Slices |
+--------------+-----------------------+------------------------+-----------------+--------------+
| No           | No                    | No                     |              34 |           11 |
| No           | No                    | Yes                    |               0 |            0 |
| No           | Yes                   | No                     |             198 |           66 |
| Yes          | No                    | No                     |               8 |            1 |
| Yes          | No                    | Yes                    |               0 |            0 |
| Yes          | Yes                   | No                     |              38 |           11 |
+--------------+-----------------------+------------------------+-----------------+--------------+


4. Detailed Control Set Information
-----------------------------------

+--------------------+------------------------------------------------------------------------------------------------------------------------------------------------+---------------------------------------------------------------------------------------------------------------------------------------------+------------------+----------------+--------------+
|    Clock Signal    |                                                                  Enable Signal                                                                 |                                                               Set/Reset Signal                                                              | Slice Load Count | Bel Load Count | Bels / Slice |
+--------------------+------------------------------------------------------------------------------------------------------------------------------------------------+---------------------------------------------------------------------------------------------------------------------------------------------+------------------+----------------+--------------+
|  axi_clk_IBUF_BUFG | ic/o_intr_i_1_n_0                                                                                                                              | conv/axi_rst_n                                                                                                                              |                1 |              1 |         1.00 |
|  axi_clk_IBUF_BUFG | your_instance_name/U0/inst_fifo_gen/gaxis_fifo.gaxisf.axisf/grf.rf/gntv_or_sync_fifo.gl0.wr/gwss.wsts/E[0]                                     | your_instance_name/U0/inst_fifo_gen/gaxis_fifo.gaxisf.axisf/grf.rf/rstblk/ngwrdrst.grst.g7serrst.gsckt_wrst.gcc_rst.sckt_wr_rst_cc_reg[0]_1 |                2 |              8 |         4.00 |
|  axi_clk_IBUF_BUFG | your_instance_name/U0/inst_fifo_gen/gaxis_fifo.gaxisf.axisf/grf.rf/gntv_or_sync_fifo.gl0.rd/gr1.gr1_int.rfwft/E[0]                             | your_instance_name/U0/inst_fifo_gen/gaxis_fifo.gaxisf.axisf/grf.rf/rstblk/ngwrdrst.grst.g7serrst.gsckt_wrst.gcc_rst.sckt_wr_rst_cc_reg[0]_1 |                2 |              8 |         4.00 |
|  axi_clk_IBUF_BUFG | your_instance_name/U0/inst_fifo_gen/gaxis_fifo.gaxisf.axisf/grf.rf/rstblk/ngwrdrst.grst.g7serrst.gsckt_wrst.gcc_rst.sckt_wr_rst_cc_reg[0]_0[0] |                                                                                                                                             |                1 |              8 |         8.00 |
|  axi_clk_IBUF_BUFG |                                                                                                                                                | ic/rd_counter[8]_i_1_n_0                                                                                                                    |                2 |              9 |         4.50 |
|  axi_clk_IBUF_BUFG | i_data_valid_IBUF                                                                                                                              | conv/axi_rst_n                                                                                                                              |                3 |              9 |         3.00 |
|  axi_clk_IBUF_BUFG |                                                                                                                                                | your_instance_name/U0/inst_fifo_gen/gaxis_fifo.gaxisf.axisf/grf.rf/rstblk/ngwrdrst.grst.g7serrst.gsckt_wrst.gcc_rst.sckt_wr_rst_cc_reg[0]_1 |                4 |             11 |         2.75 |
|  axi_clk_IBUF_BUFG | ic/total_pix_counter[0]_i_1_n_0                                                                                                                | conv/axi_rst_n                                                                                                                              |                3 |             12 |         4.00 |
|  axi_clk_IBUF_BUFG | ic/line_buffers[1].lb/line_reg_r1_0_1_0_5_i_1__1_n_0                                                                                           |                                                                                                                                             |                5 |             36 |         7.20 |
|  axi_clk_IBUF_BUFG | ic/line_buffers[2].lb/line_reg_r1_0_1_0_5_i_1__0_n_0                                                                                           |                                                                                                                                             |                5 |             36 |         7.20 |
|  axi_clk_IBUF_BUFG | ic/line_buffers[0].lb/line_reg_r1_0_1_0_5_i_1__2_n_0                                                                                           |                                                                                                                                             |                5 |             36 |         7.20 |
|  axi_clk_IBUF_BUFG | ic/line_buffers[3].lb/line_reg_r1_0_1_0_5_i_1_n_0                                                                                              |                                                                                                                                             |                5 |             36 |         7.20 |
|  axi_clk_IBUF_BUFG |                                                                                                                                                |                                                                                                                                             |               11 |             44 |         4.00 |
|  axi_clk_IBUF_BUFG |                                                                                                                                                | conv/axi_rst_n                                                                                                                              |               60 |            178 |         2.97 |
+--------------------+------------------------------------------------------------------------------------------------------------------------------------------------+---------------------------------------------------------------------------------------------------------------------------------------------+------------------+----------------+--------------+


